2025-07-05 17:40:51 better defaults
2025-11-25 05:39:45 improve UX
2025-03-18 00:22:10 remove debug output
2025-07-23 13:08:05 fix bug
2025-09-10 12:02:04 enhance logging
2025-01-08 06:30:57 update API docs
2025-01-19 23:54:28 fix permission issue
2025-03-29 03:54:12 enhance error reporting
2025-05-18 09:31:14 reorganize files
2025-09-25 10:27:56 cleanup dependencies
2025-02-11 20:40:17 minor refactor
2025-08-21 03:14:05 update docs with examples
2025-09-10 06:31:03 rebuild project
2025-06-09 10:02:29 update headers
2025-05-02 15:09:56 improve security
2025-11-15 05:36:42 add fallback
2025-04-26 00:23:33 update logging
2025-09-22 12:19:37 restructure project
2025-07-23 03:49:39 small refactor
2025-12-23 18:58:13 fix docker build
2025-01-29 08:18:40 update schema migration
2025-12-08 21:25:52 update scripts
2025-12-17 22:16:22 refactor code
2025-01-12 22:12:06 simplify logic
2025-03-31 01:01:24 minor refactor
2025-11-16 14:58:22 hotfix applied
2025-05-02 06:52:57 add helper function
2025-08-29 16:43:17 restructure project
2025-02-26 05:07:39 update deployment script
2025-08-26 12:32:13 reformat code
2025-11-06 21:38:46 reorganize files
2025-03-25 05:06:43 update metadata
2025-02-12 22:02:01 fix config bug
